<?xml version="1.0" encoding="UTF-8"?>
<!-- Generated by org.testng.reporters.JUnitReportReporter -->
<testsuite hostname="LAPTOP-NUKSPRMG" failures="0" tests="1" name="com.testing.testNG.tests.Login_Test" time="1.295" errors="0" timestamp="2022-09-24T10:49:17 IST" skipped="0">
  <testcase classname="com.testing.testNG.tests.Login_Test" name="doLogin" time="1.295"/>
  <system-out/>
</testsuite> <!-- com.testing.testNG.tests.Login_Test -->
