<?xml version="1.0" encoding="UTF-8"?>
<!-- Generated by org.testng.reporters.JUnitReportReporter -->
<testsuite hostname="LAPTOP-NUKSPRMG" failures="0" tests="6" name="com.testing.testNG.tests.RegisterClass" time="2.150" errors="0" timestamp="2022-10-01T15:00:17 IST" skipped="0">
  <testcase classname="com.testing.testNG.tests.RegisterClass" name="doTest" time="0.363"/>
  <system-out/>
  <testcase classname="com.testing.testNG.tests.RegisterClass" name="doTest" time="0.415"/>
  <system-out/>
  <testcase classname="com.testing.testNG.tests.RegisterClass" name="doTest" time="0.353"/>
  <system-out/>
  <testcase classname="com.testing.testNG.tests.RegisterClass" name="doTest" time="0.348"/>
  <system-out/>
  <testcase classname="com.testing.testNG.tests.RegisterClass" name="doTest" time="0.328"/>
  <system-out/>
  <testcase classname="com.testing.testNG.tests.RegisterClass" name="doTest" time="0.343"/>
  <system-out/>
</testsuite> <!-- com.testing.testNG.tests.RegisterClass -->
