<?xml version="1.0" encoding="UTF-8"?>
<!-- Generated by org.testng.reporters.JUnitReportReporter -->
<testsuite hostname="LAPTOP-NUKSPRMG" failures="0" tests="7" name="com.testing.testNG.tests.LoginTest_DataProvi" time="2.325" errors="0" timestamp="2022-10-01T15:00:17 IST" skipped="0">
  <testcase classname="com.testing.testNG.tests.LoginTest_DataProvi" name="doLogin" time="1.245"/>
  <system-out/>
  <testcase classname="com.testing.testNG.tests.LoginTest_DataProvi" name="doLogin" time="0.165"/>
  <system-out/>
  <testcase classname="com.testing.testNG.tests.LoginTest_DataProvi" name="doLogin" time="0.227"/>
  <system-out/>
  <testcase classname="com.testing.testNG.tests.LoginTest_DataProvi" name="doLogin" time="0.175"/>
  <system-out/>
  <testcase classname="com.testing.testNG.tests.LoginTest_DataProvi" name="doLogin" time="0.168"/>
  <system-out/>
  <testcase classname="com.testing.testNG.tests.LoginTest_DataProvi" name="doLogin" time="0.170"/>
  <system-out/>
  <testcase classname="com.testing.testNG.tests.LoginTest_DataProvi" name="doLogin" time="0.175"/>
  <system-out/>
</testsuite> <!-- com.testing.testNG.tests.LoginTest_DataProvi -->
