<?xml version="1.0" encoding="UTF-8"?>
<!-- Generated by org.testng.reporters.JUnitReportReporter -->
<testsuite hostname="LAPTOP-NUKSPRMG" failures="0" tests="7" name="com.testing.testNG.tests.LoginTest_DataProvi" time="1.992" errors="0" timestamp="2022-09-24T17:05:34 IST" skipped="0">
  <testcase classname="com.testing.testNG.tests.LoginTest_DataProvi" name="doLogin" time="0.105"/>
  <system-out/>
  <testcase classname="com.testing.testNG.tests.LoginTest_DataProvi" name="doLogin" time="0.117"/>
  <system-out/>
  <testcase classname="com.testing.testNG.tests.LoginTest_DataProvi" name="doLogin" time="0.112"/>
  <system-out/>
  <testcase classname="com.testing.testNG.tests.LoginTest_DataProvi" name="doLogin" time="1.296"/>
  <system-out/>
  <testcase classname="com.testing.testNG.tests.LoginTest_DataProvi" name="doLogin" time="0.118"/>
  <system-out/>
  <testcase classname="com.testing.testNG.tests.LoginTest_DataProvi" name="doLogin" time="0.117"/>
  <system-out/>
  <testcase classname="com.testing.testNG.tests.LoginTest_DataProvi" name="doLogin" time="0.127"/>
  <system-out/>
</testsuite> <!-- com.testing.testNG.tests.LoginTest_DataProvi -->
